
Showing logs for build [32mcb-kubecd-bdd-nh-1577464907-mas-1[0m stage [32mfrom-build-pack[0m and container [32mstep-credential-initializer-6w6vv[0m
{"level":"warn","ts":1577465570.2156699,"logger":"fallback-logger","caller":"logging/config.go:69","msg":"Fetch GitHub commit ID from kodata failed: \"ref: refs/heads/master\" is not a valid GitHub commit ID"}
{"level":"info","ts":1577465570.2163262,"logger":"fallback-logger","caller":"creds-init/main.go:40","msg":"Credentials initialized."}

Showing logs for build [32mcb-kubecd-bdd-nh-1577464907-mas-1[0m stage [32mfrom-build-pack[0m and container [32mstep-working-dir-initializer-dcq9g[0m
{"level":"warn","ts":1577465571.1922982,"logger":"fallback-logger","caller":"logging/config.go:69","msg":"Fetch GitHub commit ID from kodata failed: open /var/run/ko/HEAD: no such file or directory"}
{"level":"info","ts":1577465571.1938896,"logger":"fallback-logger","caller":"bash/main.go:65","msg":"Successfully executed command \"mkdir -p /workspace/source\""}

Showing logs for build [32mcb-kubecd-bdd-nh-1577464907-mas-1[0m stage [32mfrom-build-pack[0m and container [32mstep-place-tools[0m

Showing logs for build [32mcb-kubecd-bdd-nh-1577464907-mas-1[0m stage [32mfrom-build-pack[0m and container [32mstep-git-source-cb-kubecd-bdd-nh-1577464907-mas-bqtj7[0m
{"level":"warn","ts":1577465610.4331193,"logger":"fallback-logger","caller":"logging/config.go:69","msg":"Fetch GitHub commit ID from kodata failed: \"ref: refs/heads/master\" is not a valid GitHub commit ID"}
{"level":"info","ts":1577465611.663644,"logger":"fallback-logger","caller":"git/git.go:102","msg":"Successfully cloned https://github.com/cb-kubecd/bdd-nh-1577464907.git @ v0.0.1 in path /workspace/source"}

Showing logs for build [32mcb-kubecd-bdd-nh-1577464907-mas-1[0m stage [32mfrom-build-pack[0m and container [32mstep-git-merge[0m
Using SHAs from PULL_REFS=master:cb1a2e56ac3d95b09c4739baecb535ccc49697da
WARNING: no SHAs to merge, falling back to initial cloned commit

Showing logs for build [32mcb-kubecd-bdd-nh-1577464907-mas-1[0m stage [32mfrom-build-pack[0m and container [32mstep-setup-jx-git-credentials[0m
Generated Git credentials file /workspace/xdg_config/git/credentials

Showing logs for build [32mcb-kubecd-bdd-nh-1577464907-mas-1[0m stage [32mfrom-build-pack[0m and container [32mstep-build-npmrc[0m
WARNING: failed to find Secret npm-token in namespace **

Showing logs for build [32mcb-kubecd-bdd-nh-1577464907-mas-1[0m stage [32mfrom-build-pack[0m and container [32mstep-build-npm-install[0m
npm notice created a lockfile as package-lock.json. You should commit this file.
npm WARN REPLACE_ME@1.0.0 No repository field.
npm WARN REPLACE_ME@1.0.0 No license field.

up to date in 0.951s
found 0 vulnerabilities


Showing logs for build [32mcb-kubecd-bdd-nh-1577464907-mas-1[0m stage [32mfrom-build-pack[0m and container [32mstep-build-npm-test[0m

> REPLACE_ME@1.0.0 test /workspace/source
> echo "no test specified" && exit 0

no test specified

Showing logs for build [32mcb-kubecd-bdd-nh-1577464907-mas-1[0m stage [32mfrom-build-pack[0m and container [32mstep-build-container-build[0m
[36mINFO[0m[0000] Downloading base image node:9-slim           
ERROR: logging before flag.Parse: E1227 16:53:36.605215      10 metadata.go:159] while reading 'google-dockercfg-url' metadata: http status code: 404 while fetching url http://metadata.google.internal./computeMetadata/v1/instance/attributes/google-dockercfg-url
ERROR: logging before flag.Parse: E1227 16:53:36.627002      10 metadata.go:142] while reading 'google-dockercfg' metadata: http status code: 404 while fetching url http://metadata.google.internal./computeMetadata/v1/instance/attributes/google-dockercfg
2019/12/27 16:53:36 No matching credentials were found, falling back on anonymous
[36mINFO[0m[0001] Error while retrieving image from cache: getting file info: stat /workspace/sha256:0e0175bbe4f8d9d104590d8d2c591017874e30977cb71aaff1cf6fa99479575c: no such file or directory 
[36mINFO[0m[0001] Downloading base image node:9-slim           
2019/12/27 16:53:37 No matching credentials were found, falling back on anonymous
[36mINFO[0m[0002] Executing 0 build triggers                   
[36mINFO[0m[0002] cmd: EXPOSE                                  
[36mINFO[0m[0002] Adding exposed port: 8080/tcp                
[36mINFO[0m[0002] Using files from context: [/workspace/source] 
[36mINFO[0m[0002] Skipping unpacking as no commands require it. 
[36mINFO[0m[0002] Taking snapshot of full filesystem...        
[36mINFO[0m[0002] ENV PORT 8080                                
[36mINFO[0m[0002] No files changed in this command, skipping snapshotting. 
[36mINFO[0m[0002] EXPOSE 8080                                  
[36mINFO[0m[0002] cmd: EXPOSE                                  
[36mINFO[0m[0002] Adding exposed port: 8080/tcp                
[36mINFO[0m[0002] No files changed in this command, skipping snapshotting. 
[36mINFO[0m[0002] WORKDIR /usr/src/app                         
[36mINFO[0m[0002] cmd: workdir                                 
[36mINFO[0m[0002] Changed working directory to /usr/src/app    
[36mINFO[0m[0002] Creating directory /usr/src/app              
[36mINFO[0m[0002] Taking snapshot of files...                  
[36mINFO[0m[0002] Using files from context: [/workspace/source] 
[36mINFO[0m[0002] COPY . .                                     
[36mINFO[0m[0002] Taking snapshot of files...                  
[36mINFO[0m[0002] CMD ["npm", "start"]                         
[36mINFO[0m[0002] No files changed in this command, skipping snapshotting. 
2019/12/27 16:53:39 existing blob: sha256:7d083412657baa2dafba8d093034ef26f9ed2c90fb6ed95f76bb55aff03ed429
2019/12/27 16:53:39 existing blob: sha256:196b8e3c919d5639193ba6c6e54774528942041bbc37606631a2250502985c3c
2019/12/27 16:53:39 existing blob: sha256:e01bd28a434b56ffd2a3fe9aa99b9b69aecca69904843edd30b1ee7150d79904
2019/12/27 16:53:39 existing blob: sha256:a88538b9cd05cfa611e43a25582a95ad7879f6fa708b0386a26b71ee62235bb3
2019/12/27 16:53:39 existing blob: sha256:5bba3ecb4cd6374a19da45f2a3db0a9c0804984358b3bb4b666c28944016e5ff
2019/12/27 16:53:42 pushed blob: sha256:708d77152eb8450a0d07f8b314394bc4525c3a458bcb67f19a147994882745db
2019/12/27 16:53:42 pushed blob: sha256:0e64dcff42c56e21587797e4d55859a193dda2d53febecbe270cbf24cb8a0b44
2019/12/27 16:53:43 pushed blob: sha256:8543b0004e49b8a8ce5938100230008c4aa95d14c9d1c5c27fd5874430c0e6a7
2019/12/27 16:53:44 gcr.io/jenkins-x-bdd3/bdd-nh-1577464907:0.0.1: digest: sha256:6e8c5022a5d8feaf7b595d013adaa6d92d201df7dcf0e0350180bd78e113ab33 size: 1404

Showing logs for build [32mcb-kubecd-bdd-nh-1577464907-mas-1[0m stage [32mfrom-build-pack[0m and container [32mstep-build-post-build[0m
no CVE provider running in the current ** namespace so skip adding image to be analysed

Showing logs for build [32mcb-kubecd-bdd-nh-1577464907-mas-1[0m stage [32mfrom-build-pack[0m and container [32mstep-promote-changelog[0m
Converted /workspace/source/charts/bdd-nh-1577464907 to an unshallow repository
Generating change log from git ref 2b22ea72ea7b0457673a843b380757f661f42718 => 1cdebf57e0aba5efaa451384f08f90c5dc0dcb5a
Associating user x-0 in users.jenkins.io with email jenkins-x@googlegroups.com to git GitProvider user with login -0 as emails match
Adding label jenkins.io/git-github-userid=-0 to user x-0 in users.jenkins.io
WARNING: Failed to enrich commit cb1a2e56ac3d95b09c4739baecb535ccc49697da with issues: User.jenkins.io "x-0" is invalid: metadata.labels: Invalid value: "-0": a valid label must be an empty string or consist of alphanumeric characters, '-', '_' or '.', and must start and end with an alphanumeric character (e.g. 'MyValue',  or 'my_value',  or '12345', regex used for validation is '(([A-Za-z0-9][-A-Za-z0-9_.]*)?[A-Za-z0-9])?')
Finding issues in commit messages using git format
WARNING: No release found for cb-kubecd/bdd-nh-1577464907 and tag v0.0.1 so creating a new release
Updated the release information at https://github.com/cb-kubecd/bdd-nh-1577464907/releases/tag/v0.0.1
generated: /workspace/source/charts/bdd-nh-1577464907/templates/release.yaml
Created Release bdd-nh-1577464907-0-0-1 resource in namespace **
Updating PipelineActivity cb-kubecd-bdd-nh-1577464907-master-1 with version 0.0.1
Updated PipelineActivities cb-kubecd-bdd-nh-1577464907-master-1 with release notes URL: https://github.com/cb-kubecd/bdd-nh-1577464907/releases/tag/v0.0.1

Showing logs for build [32mcb-kubecd-bdd-nh-1577464907-mas-1[0m stage [32mfrom-build-pack[0m and container [32mstep-promote-helm-release[0m
WARNING: No $CHART_REPOSITORY defined so using the default value of: http://jenkins-x-chartmuseum:8080
Adding missing Helm repo: storage.googleapis.com https://storage.googleapis.com/chartmuseum.jenkins-x.io
Read credentials for https://storage.googleapis.com/chartmuseum.jenkins-x.io from vault helm/repos
Successfully added Helm repository storage.googleapis.com.
Adding missing Helm repo: jenkins-x-chartmuseum http://jenkins-x-chartmuseum:8080
Read credentials for http://jenkins-x-chartmuseum:8080 from vault helm/repos
Successfully added Helm repository jenkins-x-chartmuseum.
WARNING: No $CHART_REPOSITORY defined so using the default value of: http://jenkins-x-chartmuseum:8080
Uploading chart file bdd-nh-1577464907-0.0.1.tgz to http://jenkins-x-chartmuseum:8080/api/charts
Received 201 response: {"saved":true}

Showing logs for build [32mcb-kubecd-bdd-nh-1577464907-mas-1[0m stage [32mfrom-build-pack[0m and container [32mstep-promote-jx-promote[0m
WARNING: prow based install so skip waiting for the merge of Pull Requests to go green as currently there is an issue with gettingstatuses from the PR, see https://github.com/jenkins-x/**/issues/2410
WARNING: No $CHART_REPOSITORY defined so using the default value of: http://jenkins-x-chartmuseum:8080
Promoting app bdd-nh-1577464907 version 0.0.1 to namespace **-staging
WARNING: Waiting for the fork of *************/environment-pr-121-9-boot-gke-**ui-staging to appear...
Forked Git repository to https://github.com/c**d-bot-test/environment-pr-121-9-boot-gke-**ui-staging
Created Pull Request: https://github.com/cb-kubecd/environment-pr-121-9-boot-gke-**ui-staging/pull/1
Added label updatebot to Pull Request https://github.com/cb-kubecd/environment-pr-121-9-boot-gke-**ui-staging/pull/1
got git provider status pending from PR https://github.com/cb-kubecd/environment-pr-121-9-boot-gke-**ui-staging/pull/1
got git provider status pending from PR https://github.com/cb-kubecd/environment-pr-121-9-boot-gke-**ui-staging/pull/1
got git provider status pending from PR https://github.com/cb-kubecd/environment-pr-121-9-boot-gke-**ui-staging/pull/1
got git provider status pending from PR https://github.com/cb-kubecd/environment-pr-121-9-boot-gke-**ui-staging/pull/1
got git provider status pending from PR https://github.com/cb-kubecd/environment-pr-121-9-boot-gke-**ui-staging/pull/1
Pull Request https://github.com/cb-kubecd/environment-pr-121-9-boot-gke-**ui-staging/pull/1 is merged at sha 2f9fa566f45e99526cf4cab04ecb6ecd3bbc7de1
Pull Request merged but we are not waiting for the update pipeline to complete!
WARNING: Could not find the service URL in namespace **-staging for names bdd-nh-1577464907, **-bdd-nh-1577464907, **-staging-bdd-nh-1577464907
